<?xml version="1.0" encoding="UTF-8"?>
<testsuite xmlns:xsi="http://www.w3.org/2001/XMLSchema-instance" xsi:noNamespaceSchemaLocation="https://maven.apache.org/surefire/maven-surefire-plugin/xsd/surefire-test-report.xsd" name="at.ac.fhsalzburg.bde.app.SpotifyKafkaTest" time="6.301" tests="5" errors="0" skipped="0" failures="0">
  <properties>
    <property name="java.specification.version" value="15"/>
    <property name="sun.cpu.isalist" value="amd64"/>
    <property name="sun.jnu.encoding" value="Cp1250"/>
    <property name="java.class.path" value="C:\Users\Janek\.m2\repository\org\apache\maven\surefire\surefire-booter\2.22.1\surefire-booter-2.22.1.jar;C:\Users\Janek\.m2\repository\org\apache\maven\surefire\surefire-api\2.22.1\surefire-api-2.22.1.jar;C:\Users\Janek\.m2\repository\org\apache\maven\surefire\surefire-logger-api\2.22.1\surefire-logger-api-2.22.1.jar;C:\Users\Janek\Documents\ComputerScience\Projects\other\big-data-engineering-course\lab3\SpotifyKafkaProducerConsumer\target\test-classes;C:\Users\Janek\Documents\ComputerScience\Projects\other\big-data-engineering-course\lab3\SpotifyKafkaProducerConsumer\target\classes;C:\Users\Janek\.m2\repository\junit\junit\3.8.1\junit-3.8.1.jar;C:\Users\Janek\.m2\repository\org\apache\kafka\kafka-clients\2.5.0\kafka-clients-2.5.0.jar;C:\Users\Janek\.m2\repository\com\github\luben\zstd-jni\1.4.4-7\zstd-jni-1.4.4-7.jar;C:\Users\Janek\.m2\repository\org\lz4\lz4-java\1.7.1\lz4-java-1.7.1.jar;C:\Users\Janek\.m2\repository\org\xerial\snappy\snappy-java\1.1.7.3\snappy-java-1.1.7.3.jar;C:\Users\Janek\.m2\repository\org\slf4j\slf4j-api\1.7.30\slf4j-api-1.7.30.jar;C:\Users\Janek\.m2\repository\com\google\code\gson\gson\2.2.4\gson-2.2.4.jar;C:\Users\Janek\.m2\repository\org\slf4j\slf4j-log4j12\1.7.30\slf4j-log4j12-1.7.30.jar;C:\Users\Janek\.m2\repository\log4j\log4j\1.2.17\log4j-1.2.17.jar;C:\Users\Janek\.m2\repository\org\apache\maven\surefire\surefire-junit3\2.22.1\surefire-junit3-2.22.1.jar"/>
    <property name="java.vm.vendor" value="Oracle Corporation"/>
    <property name="sun.arch.data.model" value="64"/>
    <property name="user.variant" value=""/>
    <property name="java.vendor.url" value="https://java.oracle.com/"/>
    <property name="user.timezone" value="Europe/Warsaw"/>
    <property name="os.name" value="Windows 10"/>
    <property name="java.vm.specification.version" value="15"/>
    <property name="sun.java.launcher" value="SUN_STANDARD"/>
    <property name="user.country" value="PL"/>
    <property name="sun.boot.library.path" value="C:\Program Files\Java\jdk-15.0.1\bin"/>
    <property name="sun.java.command" value="org.apache.maven.surefire.booter.ForkedBooter C:\Users\Janek\AppData\Local\Temp\surefire18156534153582559900 2020-12-29T16-37-21_401-jvmRun1 surefire17869151841677351216tmp surefire_010117782352112417456tmp"/>
    <property name="jdk.debug" value="release"/>
    <property name="surefire.test.class.path" value="C:\Users\Janek\Documents\ComputerScience\Projects\other\big-data-engineering-course\lab3\SpotifyKafkaProducerConsumer\target\test-classes;C:\Users\Janek\Documents\ComputerScience\Projects\other\big-data-engineering-course\lab3\SpotifyKafkaProducerConsumer\target\classes;C:\Users\Janek\.m2\repository\junit\junit\3.8.1\junit-3.8.1.jar;C:\Users\Janek\.m2\repository\org\apache\kafka\kafka-clients\2.5.0\kafka-clients-2.5.0.jar;C:\Users\Janek\.m2\repository\com\github\luben\zstd-jni\1.4.4-7\zstd-jni-1.4.4-7.jar;C:\Users\Janek\.m2\repository\org\lz4\lz4-java\1.7.1\lz4-java-1.7.1.jar;C:\Users\Janek\.m2\repository\org\xerial\snappy\snappy-java\1.1.7.3\snappy-java-1.1.7.3.jar;C:\Users\Janek\.m2\repository\org\slf4j\slf4j-api\1.7.30\slf4j-api-1.7.30.jar;C:\Users\Janek\.m2\repository\com\google\code\gson\gson\2.2.4\gson-2.2.4.jar;C:\Users\Janek\.m2\repository\org\slf4j\slf4j-log4j12\1.7.30\slf4j-log4j12-1.7.30.jar;C:\Users\Janek\.m2\repository\log4j\log4j\1.2.17\log4j-1.2.17.jar;"/>
    <property name="sun.cpu.endian" value="little"/>
    <property name="user.home" value="C:\Users\Janek"/>
    <property name="user.language" value="pl"/>
    <property name="java.specification.vendor" value="Oracle Corporation"/>
    <property name="java.version.date" value="2020-10-20"/>
    <property name="java.home" value="C:\Program Files\Java\jdk-15.0.1"/>
    <property name="file.separator" value="\"/>
    <property name="basedir" value="C:\Users\Janek\Documents\ComputerScience\Projects\other\big-data-engineering-course\lab3\SpotifyKafkaProducerConsumer"/>
    <property name="java.vm.compressedOopsMode" value="Zero based"/>
    <property name="line.separator" value="&#10;"/>
    <property name="java.specification.name" value="Java Platform API Specification"/>
    <property name="java.vm.specification.vendor" value="Oracle Corporation"/>
    <property name="user.script" value=""/>
    <property name="sun.management.compiler" value="HotSpot 64-Bit Tiered Compilers"/>
    <property name="java.runtime.version" value="15.0.1+9-18"/>
    <property name="user.name" value="Janek"/>
    <property name="path.separator" value=";"/>
    <property name="os.version" value="10.0"/>
    <property name="java.runtime.name" value="Java(TM) SE Runtime Environment"/>
    <property name="file.encoding" value="Cp1250"/>
    <property name="java.vm.name" value="Java HotSpot(TM) 64-Bit Server VM"/>
    <property name="localRepository" value="C:\Users\Janek\.m2\repository"/>
    <property name="java.vendor.url.bug" value="https://bugreport.java.com/bugreport/"/>
    <property name="java.io.tmpdir" value="C:\Users\Janek\AppData\Local\Temp\"/>
    <property name="java.version" value="15.0.1"/>
    <property name="user.dir" value="C:\Users\Janek\Documents\ComputerScience\Projects\other\big-data-engineering-course\lab3\SpotifyKafkaProducerConsumer"/>
    <property name="os.arch" value="amd64"/>
    <property name="java.vm.specification.name" value="Java Virtual Machine Specification"/>
    <property name="sun.os.patch.level" value=""/>
    <property name="java.library.path" value="C:\Program Files\Java\jdk-15.0.1\bin;C:\Windows\Sun\Java\bin;C:\Windows\system32;C:\Windows;C:\Program Files\Common Files\Oracle\Java\javapath;C:\Program Files (x86)\Razer Chroma SDK\bin;C:\Program Files\Razer Chroma SDK\bin;C:\Program Files (x86)\Common Files\Intel\Shared Libraries\redist\intel64\compiler;C:\Python38\Scripts\;C:\Python38\;C:\Program Files (x86)\Razer\ChromaBroadcast\bin;C:\Program Files\Razer\ChromaBroadcast\bin;C:\Program Files (x86)\Common Files\Oracle\Java\javapath;C:\Windows\system32;C:\Windows;C:\Windows\System32\Wbem;C:\Windows\System32\WindowsPowerShell\v1.0\;C:\Windows\System32\OpenSSH\;C:\Program Files\NVIDIA Corporation\NVIDIA NvDLISR;C:\Program Files (x86)\NVIDIA Corporation\PhysX\Common;C:\Windows\system32\config\systemprofile\AppData\Local\Microsoft\WindowsApps;C:\Program Files\nodejs\;C:\ProgramData\chocolatey\bin;C:\Program Files\dotnet\;C:\Program Files\Microsoft SQL Server\130\Tools\Binn\;C:\Program Files\Microsoft SQL Server\Client SDK\ODBC\170\Tools\Binn\;C:\Program Files (x86)\QuickTime\QTSystem\;C:\Users\Janek\AppData\Local\Microsoft\WindowsApps;C:\Users\Janek\.dotnet\tools;C:\Program Files (x86)\Calibre2\;C:\Program Files\Git\cmd;C:\Users\Janek\AppData\Local\Microsoft\WindowsApps;C:\Users\Janek\AppData\Local\Programs\Microsoft VS Code\bin;C:\Users\Janek\AppData\Roaming\npm;C:\Program Files\MongoDB\Server\4.2\bin;C:\Users\Janek\.dotnet\tools;C:\src\flutter\bin;C:\src\apache-maven-3.6.3\bin;;."/>
    <property name="java.vm.info" value="mixed mode, sharing"/>
    <property name="java.vendor" value="Oracle Corporation"/>
    <property name="java.vm.version" value="15.0.1+9-18"/>
    <property name="sun.io.unicode.encoding" value="UnicodeLittle"/>
    <property name="java.class.version" value="59.0"/>
  </properties>
  <testcase name="testConsumer" classname="at.ac.fhsalzburg.bde.app.SpotifyKafkaTest" time="4.012"/>
  <testcase name="testIsNull" classname="at.ac.fhsalzburg.bde.app.SpotifyKafkaTest" time="0"/>
  <testcase name="testProducerApp" classname="at.ac.fhsalzburg.bde.app.SpotifyKafkaTest" time="1.824"/>
  <testcase name="testArtistsProducerApp" classname="at.ac.fhsalzburg.bde.app.SpotifyKafkaTest" time="0.461"/>
  <testcase name="testIsNullPickValue" classname="at.ac.fhsalzburg.bde.app.SpotifyKafkaTest" time="0"/>
</testsuite>